{
  "RSpec": {
    "coverage": {
      "/home/jjs/workspace/photo/app.rb": [
        1,
        1,
        1,
        1,
        1,
        1,
        1,
        null,
        1,
        1,
        1,
        null,
        1,
        1,
        null,
        null,
        null,
        null,
        1,
        1,
        0,
        null,
        null,
        1,
        1,
        null,
        null,
        5,
        null,
        null,
        1,
        12,
        0,
        0,
        null,
        null,
        null,
        null,
        1,
        12,
        null,
        null,
        1,
        3,
        null,
        null,
        null,
        null,
        1,
        4,
        null,
        4,
        null,
        4,
        null,
        0,
        null,
        null,
        null,
        null,
        null,
        null,
        1,
        1,
        1,
        null,
        1,
        1,
        0,
        0,
        null,
        0,
        0,
        null,
        null,
        1,
        null,
        null,
        1,
        null,
        0,
        0,
        null,
        0,
        0,
        0,
        0,
        null,
        0,
        null,
        0,
        null,
        0,
        null,
        null,
        0,
        0,
        0,
        null,
        0,
        null,
        null,
        null,
        0,
        null,
        null,
        1,
        3,
        3,
        null,
        null,
        1,
        1,
        null,
        1,
        1,
        1,
        null,
        0,
        null,
        1,
        null,
        1,
        null,
        1,
        1,
        null,
        1,
        null,
        null,
        1,
        1,
        1,
        null,
        null,
        null,
        null,
        1,
        1,
        null,
        0,
        null,
        1,
        null,
        null,
        1,
        null,
        null,
        null,
        1,
        0,
        0,
        null,
        null,
        1,
        0,
        0,
        null,
        null,
        1,
        0,
        0,
        null,
        null,
        1,
        null,
        1,
        0,
        null,
        null,
        null,
        null,
        1,
        1,
        null,
        null,
        null,
        null,
        null
      ],
      "/home/jjs/workspace/photo/models/display.rb": [
        null,
        1,
        1,
        null
      ],
      "/home/jjs/workspace/photo/models/photo.rb": [
        1,
        1,
        null,
        1,
        2,
        null,
        null,
        1,
        2,
        7,
        7,
        7,
        null,
        null,
        null,
        1,
        2,
        null,
        null,
        1,
        1,
        null,
        null,
        null
      ],
      "/home/jjs/workspace/photo/config/environments.rb": [
        null,
        null,
        null,
        null,
        null,
        1,
        0,
        null,
        0,
        0,
        null,
        null,
        null,
        null,
        null,
        null,
        null
      ],
      "/home/jjs/workspace/photo/spec/factories/display.rb": [
        null,
        1,
        1,
        1,
        7,
        null,
        null
      ],
      "/home/jjs/workspace/photo/spec/factories/photo.rb": [
        1,
        1,
        4,
        5,
        null,
        null
      ],
      "/home/jjs/workspace/photo/spec/features/login_spec.rb": [
        null,
        null,
        1,
        null,
        null,
        1,
        null,
        1,
        1,
        1,
        1,
        1,
        null,
        1,
        null,
        null,
        null
      ],
      "/home/jjs/workspace/photo/spec/features/routes_spec.rb": [
        null,
        1,
        null,
        null,
        1,
        null,
        1,
        1,
        1,
        null,
        1,
        1,
        1,
        null,
        null,
        null
      ],
      "/home/jjs/workspace/photo/spec/features/upload_spec.rb": [
        1,
        1,
        null,
        1,
        1,
        null,
        null,
        1,
        null,
        null,
        1,
        1,
        1,
        1,
        1,
        1,
        1,
        1,
        1,
        null,
        null,
        1,
        1,
        1,
        null,
        null,
        null
      ],
      "/home/jjs/workspace/photo/spec/helpers.rb": [
        1,
        1,
        1,
        1,
        1,
        1,
        null,
        null,
        1,
        1,
        6,
        null,
        null,
        null
      ],
      "/home/jjs/workspace/photo/spec/model/photo_spec.rb": [
        1,
        null,
        null,
        1,
        null,
        1,
        1,
        1,
        null,
        null,
        1,
        1,
        1,
        1,
        1,
        null,
        null,
        1,
        1,
        1,
        1,
        1,
        null,
        null,
        1,
        1,
        1,
        1,
        1,
        null,
        null,
        1,
        1,
        1,
        1,
        1,
        null,
        null
      ]
    },
    "timestamp": 1561105409
  }
}
